<?xml version="1.0" encoding="UTF-8"?>
<!-- Generated by org.testng.reporters.JUnitReportReporter -->
<testsuite hostname="APT04-8C1GQN2" name="com.gowresh.TestRunner.TestRunner" tests="1" failures="0" timestamp="10 Jan 2019 11:28:18 GMT" time="31.237" errors="0">
  <testcase name="feature" time="31.237" classname="com.gowresh.TestRunner.TestRunner"/>
</testsuite> <!-- com.gowresh.TestRunner.TestRunner -->
