<?xml version="1.0" encoding="UTF-8"?>
<!-- Generated by org.testng.reporters.JUnitReportReporter -->
<testsuite hostname="APT04-8C1GQN2" name="com.gowresh.TestRunner.TestRunner" tests="1" failures="0" timestamp="9 Jan 2019 12:55:36 GMT" time="29.993" errors="0">
  <testcase name="feature" time="29.993" classname="com.gowresh.TestRunner.TestRunner"/>
</testsuite> <!-- com.gowresh.TestRunner.TestRunner -->
